<?xml version="1.0" encoding="UTF-8"?>
<!-- Generated by org.testng.reporters.JUnitReportReporter -->
<testsuite hostname="LAPTOP-OM1LTAVI" failures="0" tests="1" name="TestNG.NewTest2" time="0.015" errors="0" timestamp="2023-06-28T18:14:07 IST" skipped="0">
  <testcase classname="TestNG.NewTest2" name="f" time="0.015"/>
</testsuite> <!-- TestNG.NewTest2 -->
