<?xml version="1.0" encoding="UTF-8"?>
<!-- Generated by org.testng.reporters.JUnitReportReporter -->
<testsuite hostname="LAPTOP-OM1LTAVI" failures="0" tests="5" name="TestNG.NewTest" time="0.018" errors="0" timestamp="2023-06-25T18:28:59 IST" skipped="0">
  <testcase classname="TestNG.NewTest" name="AddName" time="0.001"/>
  <testcase classname="TestNG.NewTest" name="AddAge" time="0.001"/>
  <testcase classname="TestNG.NewTest" name="AddAddress" time="0.006"/>
  <testcase classname="TestNG.NewTest" name="Registration" time="0.002"/>
  <testcase classname="TestNG.NewTest" name="AddPhone" time="0.008"/>
</testsuite> <!-- TestNG.NewTest -->
