<?xml version="1.0" encoding="UTF-8"?>
<!-- Generated by org.testng.reporters.JUnitReportReporter -->
<testsuite hostname="LAPTOP-OM1LTAVI" failures="0" tests="5" name="TestNG.NewTest" time="0.028" errors="0" timestamp="2023-06-28T18:13:21 IST" skipped="0">
  <testcase classname="TestNG.NewTest" name="AddAge" time="0.010"/>
  <testcase classname="TestNG.NewTest" name="AddName" time="0.003"/>
  <testcase classname="TestNG.NewTest" name="Registration" time="0.002"/>
  <testcase classname="TestNG.NewTest" name="AddAddress" time="0.003"/>
  <testcase classname="TestNG.NewTest" name="AddPhone" time="0.010"/>
</testsuite> <!-- TestNG.NewTest -->
