<?xml version="1.0" encoding="UTF-8"?>
<!-- Generated by org.testng.reporters.JUnitReportReporter -->
<testsuite hostname="LAPTOP-OM1LTAVI" failures="0" tests="1" name="TestNG.NewTest4" time="0.014" errors="0" timestamp="2023-06-28T18:31:46 IST" skipped="0">
  <testcase classname="TestNG.NewTest4" name="f" time="0.014"/>
</testsuite> <!-- TestNG.NewTest4 -->
